[35m[Appium][39m Welcome to Appium v1.22.3
[35m[Appium][39m Non-default server args:
[35m[Appium][39m   port: 50158
[35m[Appium][39m   loglevel: info
[35m[Appium][39m   tmpDir: C:\Users\USER\AppData\Local\Temp\\Katalon\Appium\Temp1686907851168
[35m[Appium][39m   chromedriverPort: 50159
[35m[Appium][39m Deprecated server args:
[35m[Appium][39m   [31m--chromedriver-port[39m => --default-capabilities
[35m[Appium][39m Default capabilities, which will be added to each request unless overridden by desired capabilities:
[35m[Appium][39m   chromedriverPort: 50159
[35m[Appium][39m Appium REST http interface listener started on 0.0.0.0:50158
[35m[HTTP][39m [37m-->[39m [37mGET[39m [37m/wd/hub/status[39m
[35m[HTTP][39m [90m{}[39m
[35m[HTTP][39m [37m<-- GET /wd/hub/status [39m[32m200[39m [90m6 ms - 68[39m
[35m[HTTP][39m [90m[39m
[35m[HTTP][39m [37m-->[39m [37mGET[39m [37m/wd/hub/status[39m
[35m[HTTP][39m [90m{}[39m
[35m[HTTP][39m [37m<-- GET /wd/hub/status [39m[32m200[39m [90m1 ms - 68[39m
[35m[HTTP][39m [90m[39m
[35m[HTTP][39m [37m-->[39m [37mPOST[39m [37m/wd/hub/session[39m
[35m[HTTP][39m [90m{"desiredCapabilities":{"app":"C:\\Users\\USER\\Katalon Studio\\shoppingApp\\mobileApp\\HappyDayShopping.apk","noReset":true,"deviceName":"Xiaomi Redmi Note 8 (Android 11)","fullReset":false,"platform":"ANDROID","newCommandTimeout":1800,"platformVersion":"11","automationName":"uiautomator2","autoGrantPermissions":true,"platformName":"Android","udid":"3fba6e48","systemPort":50169},"capabilities":{"firstMatch":[{"appium:app":"C:\\Users\\USER\\Katalon Studio\\shoppingApp\\mobileApp\\HappyDayShopping.apk","appium:autoGrantPermissions":true,"appium:automationName":"uiautomator2","appium:deviceName":"Xiaomi Redmi Note 8 (Android 11)","appium:fullReset":false,"appium:newCommandTimeout":1800,"appium:noReset":true,"platform":"ANDROID","platformName":"android","appium:platformVersion":"11","appium:systemPort":50169,"appium:udid":"3fba6e48"}]}}[39m
[35m[BaseDriver][39m The following capabilities are not standard capabilities and should have an extension prefix:
[35m[BaseDriver][39m   platform
[35m[BaseDriver][39m   chromedriverPort
[35m[Appium][39m Appium v1.22.3 creating new AndroidUiautomator2Driver (v1.70.1) session
[35m[BaseDriver][39m The following capabilities were provided, but are not recognized by Appium:
[35m[BaseDriver][39m   platform
[35m[BaseDriver][39m Session created with session id: 4b07f12e-ab5e-4ad4-a022-70fe4cadf624
[35m[BaseDriver][39m Using local app 'C:\Users\USER\Katalon Studio\shoppingApp\mobileApp\HappyDayShopping.apk'
[35m[ADB][39m Found 9 'build-tools' folders under 'C:\Users\USER\AppData\Local\Android\Sdk' (newest first):
[35m[ADB][39m     C:/Users/USER/AppData/Local/Android/Sdk/build-tools/32.1.0-rc1
[35m[ADB][39m     C:/Users/USER/AppData/Local/Android/Sdk/build-tools/32.0.0
[35m[ADB][39m     C:/Users/USER/AppData/Local/Android/Sdk/build-tools/30.0.3
[35m[ADB][39m     C:/Users/USER/AppData/Local/Android/Sdk/build-tools/30.0.2
[35m[ADB][39m     C:/Users/USER/AppData/Local/Android/Sdk/build-tools/30.0.1
[35m[ADB][39m     C:/Users/USER/AppData/Local/Android/Sdk/build-tools/29.0.3
[35m[ADB][39m     C:/Users/USER/AppData/Local/Android/Sdk/build-tools/29.0.2
[35m[ADB][39m     C:/Users/USER/AppData/Local/Android/Sdk/build-tools/29.0.0
[35m[ADB][39m     C:/Users/USER/AppData/Local/Android/Sdk/build-tools/27.0.3
[35m[ADB][39m Using 'adb.exe' from 'C:\Users\USER\AppData\Local\Android\Sdk\platform-tools\adb.exe'
[35m[AndroidDriver][39m Retrieving device list
[35m[AndroidDriver][39m Using device: 3fba6e48
[35m[ADB][39m Using 'adb.exe' from 'C:\Users\USER\AppData\Local\Android\Sdk\platform-tools\adb.exe'
[35m[ADB][39m Getting device platform version
[35m[UiAutomator2][39m Relaxing hidden api policy
[35m[ADB][39m Package name: 'com.ecwid.ShopAt.HappyDayShopping'
[35m[ADB][39m Main activity name: 'com.pb.MainActivity'
[35m[ADB][39m Using 'apksigner.jar' from 'C:\Users\USER\AppData\Local\Android\Sdk\build-tools\32.1.0-rc1\lib\apksigner.jar'
[35m[ADB][39m 'C:\Users\USER\AppData\Roaming\npm\node_modules\appium\node_modules\appium-uiautomator2-server\apks\appium-uiautomator2-server-v4.27.0.apk' is signed with the default certificate
[35m[ADB][39m 'C:\Users\USER\AppData\Roaming\npm\node_modules\appium\node_modules\appium-uiautomator2-server\apks\appium-uiautomator2-server-debug-androidTest.apk' is signed with the default certificate
[35m[UiAutomator2][39m Server packages are not going to be (re)installed
[35m[ADB][39m Adding packages ["io.appium.settings","io.appium.uiautomator2.server","io.appium.uiautomator2.server.test"] to Doze whitelist
[35m[ADB][39m 'C:\Users\USER\Katalon Studio\shoppingApp\mobileApp\HappyDayShopping.apk' is signed with a non-default certificate
[35m[ADB][39m The application at 'C:\Users\USER\Katalon Studio\shoppingApp\mobileApp\HappyDayShopping.apk' will not be cached, because the device under test has confirmed the support of streamed installs
[35m[ADB][39m The installation of 'HappyDayShopping.apk' took 9808ms
[35m[UiAutomator2][39m Starting UIAutomator2 server 4.27.0
[35m[UiAutomator2][39m Using UIAutomator2 server from 'C:\Users\USER\AppData\Roaming\npm\node_modules\appium\node_modules\appium-uiautomator2-server\apks\appium-uiautomator2-server-v4.27.0.apk' and test from 'C:\Users\USER\AppData\Roaming\npm\node_modules\appium\node_modules\appium-uiautomator2-server\apks\appium-uiautomator2-server-debug-androidTest.apk'
[35m[UiAutomator2][39m Waiting up to 30000ms for UiAutomator2 to be online...
[35m[WD Proxy][39m socket hang up
[35m[WD Proxy][39m socket hang up
[35m[WD Proxy][39m socket hang up
[35m[WD Proxy][39m socket hang up
[35m[WD Proxy][39m socket hang up
[35m[WD Proxy][39m socket hang up
[35m[WD Proxy][39m socket hang up
[35m[WD Proxy][39m Determined the downstream protocol as 'W3C'
[35m[AndroidDriver][39m Screen already unlocked, doing nothing
[35m[UiAutomator2][39m Starting 'com.ecwid.ShopAt.HappyDayShopping/com.pb.MainActivity and waiting for 'com.ecwid.ShopAt.HappyDayShopping/com.pb.MainActivity'
[35m[Appium][39m New AndroidUiautomator2Driver session created successfully, session 4b07f12e-ab5e-4ad4-a022-70fe4cadf624 added to master session list
[35m[HTTP][39m [37m<-- POST /wd/hub/session [39m[32m200[39m [90m28158 ms - 1316[39m
[35m[HTTP][39m [90m[39m
[35m[HTTP][39m [37m-->[39m [37mGET[39m [37m/wd/hub/session/4b07f12e-ab5e-4ad4-a022-70fe4cadf624[39m
[35m[HTTP][39m [90m{}[39m
[35m[HTTP][39m [37m<-- GET /wd/hub/session/4b07f12e-ab5e-4ad4-a022-70fe4cadf624 [39m[32m200[39m [90m17 ms - 1270[39m
[35m[HTTP][39m [90m[39m
[35m[HTTP][39m [37m-->[39m [37mGET[39m [37m/wd/hub/session/4b07f12e-ab5e-4ad4-a022-70fe4cadf624[39m
[35m[HTTP][39m [90m{}[39m
[35m[HTTP][39m [37m<-- GET /wd/hub/session/4b07f12e-ab5e-4ad4-a022-70fe4cadf624 [39m[32m200[39m [90m18 ms - 1270[39m
[35m[HTTP][39m [90m[39m
[35m[HTTP][39m [37m-->[39m [37mGET[39m [37m/wd/hub/status[39m
[35m[HTTP][39m [90m{}[39m
[35m[HTTP][39m [37m<-- GET /wd/hub/status [39m[32m200[39m [90m1 ms - 68[39m
[35m[HTTP][39m [90m[39m
[35m[HTTP][39m [37m-->[39m [37mPOST[39m [37m/wd/hub/session/4b07f12e-ab5e-4ad4-a022-70fe4cadf624/timeouts[39m
[35m[HTTP][39m [90m{"implicit":60000}[39m
[35m[HTTP][39m [37m<-- POST /wd/hub/session/4b07f12e-ab5e-4ad4-a022-70fe4cadf624/timeouts [39m[32m200[39m [90m3 ms - 14[39m
[35m[HTTP][39m [90m[39m
[35m[HTTP][39m [37m-->[39m [37mGET[39m [37m/wd/hub/session/4b07f12e-ab5e-4ad4-a022-70fe4cadf624/source[39m
[35m[HTTP][39m [90m{}[39m
[35m[W3C (4b07f12e)][39m Driver proxy active, passing request on via HTTP proxy
[35m[WD Proxy][39m Replacing sessionId a4ecff5f-6a26-41a0-a444-b1f102a75e64 with 4b07f12e-ab5e-4ad4-a022-70fe4cadf624
[35m[HTTP][39m [37m<-- GET /wd/hub/session/4b07f12e-ab5e-4ad4-a022-70fe4cadf624/source [39m[32m200[39m [90m75 ms - 1921[39m
[35m[HTTP][39m [90m[39m
[35m[HTTP][39m [37m-->[39m [37mGET[39m [37m/wd/hub/session/4b07f12e-ab5e-4ad4-a022-70fe4cadf624/screenshot[39m
[35m[HTTP][39m [90m{}[39m
[35m[HTTP][39m [37m<-- GET /wd/hub/session/4b07f12e-ab5e-4ad4-a022-70fe4cadf624/screenshot [39m[32m200[39m [90m1125 ms - 295806[39m
[35m[HTTP][39m [90m[39m
[35m[HTTP][39m [37m-->[39m [37mGET[39m [37m/wd/hub/session/4b07f12e-ab5e-4ad4-a022-70fe4cadf624/source[39m
[35m[HTTP][39m [90m{}[39m
[35m[W3C (4b07f12e)][39m Driver proxy active, passing request on via HTTP proxy
[35m[WD Proxy][39m Replacing sessionId a4ecff5f-6a26-41a0-a444-b1f102a75e64 with 4b07f12e-ab5e-4ad4-a022-70fe4cadf624
[35m[HTTP][39m [37m<-- GET /wd/hub/session/4b07f12e-ab5e-4ad4-a022-70fe4cadf624/source [39m[32m200[39m [90m495 ms - 37225[39m
[35m[HTTP][39m [90m[39m
[35m[HTTP][39m [37m-->[39m [37mGET[39m [37m/wd/hub/session/4b07f12e-ab5e-4ad4-a022-70fe4cadf624/screenshot[39m
[35m[HTTP][39m [90m{}[39m
[35m[HTTP][39m [37m<-- GET /wd/hub/session/4b07f12e-ab5e-4ad4-a022-70fe4cadf624/screenshot [39m[32m200[39m [90m2334 ms - 1623210[39m
[35m[HTTP][39m [90m[39m
[35m[HTTP][39m [37m-->[39m [37mGET[39m [37m/wd/hub/session/4b07f12e-ab5e-4ad4-a022-70fe4cadf624/source[39m
[35m[HTTP][39m [90m{}[39m
[35m[W3C (4b07f12e)][39m Driver proxy active, passing request on via HTTP proxy
[35m[WD Proxy][39m Replacing sessionId a4ecff5f-6a26-41a0-a444-b1f102a75e64 with 4b07f12e-ab5e-4ad4-a022-70fe4cadf624
[35m[HTTP][39m [37m<-- GET /wd/hub/session/4b07f12e-ab5e-4ad4-a022-70fe4cadf624/source [39m[32m200[39m [90m252 ms - 37228[39m
[35m[HTTP][39m [90m[39m
[35m[HTTP][39m [37m-->[39m [37mGET[39m [37m/wd/hub/session/4b07f12e-ab5e-4ad4-a022-70fe4cadf624/screenshot[39m
[35m[HTTP][39m [90m{}[39m
[35m[HTTP][39m [37m<-- GET /wd/hub/session/4b07f12e-ab5e-4ad4-a022-70fe4cadf624/screenshot [39m[32m200[39m [90m2321 ms - 2044324[39m
[35m[HTTP][39m [90m[39m
[35m[HTTP][39m [37m-->[39m [37mPOST[39m [37m/wd/hub/session/4b07f12e-ab5e-4ad4-a022-70fe4cadf624/elements[39m
[35m[HTTP][39m [90m{"using":"xpath","value":"//*[@class = 'android.view.ViewGroup' and (@text = '' or . = '')]"}[39m
[35m[HTTP][39m [37m<-- POST /wd/hub/session/4b07f12e-ab5e-4ad4-a022-70fe4cadf624/elements [39m[32m200[39m [90m809 ms - 5387[39m
[35m[HTTP][39m [90m[39m
[35m[HTTP][39m [37m-->[39m [37mPOST[39m [37m/wd/hub/session/4b07f12e-ab5e-4ad4-a022-70fe4cadf624/elements[39m
[35m[HTTP][39m [90m{"using":"-android uiautomator","value":"new UiSelector().className(\"android.view.ViewGroup\")"}[39m
[35m[HTTP][39m [37m<-- POST /wd/hub/session/4b07f12e-ab5e-4ad4-a022-70fe4cadf624/elements [39m[32m200[39m [90m854 ms - 5387[39m
[35m[HTTP][39m [90m[39m
[35m[HTTP][39m [37m-->[39m [37mGET[39m [37m/wd/hub/session/4b07f12e-ab5e-4ad4-a022-70fe4cadf624/window/rect[39m
[35m[HTTP][39m [90m{}[39m
[35m[HTTP][39m [37m<-- GET /wd/hub/session/4b07f12e-ab5e-4ad4-a022-70fe4cadf624/window/rect [39m[32m200[39m [90m16 ms - 50[39m
[35m[HTTP][39m [90m[39m
[35m[HTTP][39m [37m-->[39m [37mPOST[39m [37m/wd/hub/session/4b07f12e-ab5e-4ad4-a022-70fe4cadf624/elements[39m
[35m[HTTP][39m [90m{"using":"xpath","value":"//hierarchy/android.widget.FrameLayout[1]/android.widget.LinearLayout[1]/android.widget.FrameLayout[1]/android.widget.LinearLayout[1]/android.widget.FrameLayout[1]/android.widget.FrameLayout[1]/android.view.ViewGroup[1]/android.view.ViewGroup[2]/android.view.ViewGroup[1]/android.view.ViewGroup[1]/android.view.ViewGroup[1]/android.view.ViewGroup[1]/android.view.ViewGroup[1]/android.view.ViewGroup[1]/android.view.ViewGroup[1]/android.widget.ScrollView[1]/android.view.ViewGroup[1]/android.widget.ScrollView[1]/android.view.ViewGroup[1]/android.widget.ScrollView[1]/android.view.ViewGroup[1]/android.view.ViewGroup[2]/android.view.ViewGroup[1]/android.view.ViewGroup[1]/android.view.ViewGroup[1]"}[39m
[35m[HTTP][39m [37m<-- POST /wd/hub/session/4b07f12e-ab5e-4ad4-a022-70fe4cadf624/elements [39m[32m200[39m [90m168 ms - 139[39m
[35m[HTTP][39m [90m[39m
[35m[HTTP][39m [37m-->[39m [37mGET[39m [37m/wd/hub/session/4b07f12e-ab5e-4ad4-a022-70fe4cadf624/element/00000000-0000-8bd4-ffff-ffff0000009b/location[39m
[35m[HTTP][39m [90m{}[39m
[35m[W3C (4b07f12e)][39m Driver proxy active, passing request on via HTTP proxy
[35m[WD Proxy][39m Replacing sessionId a4ecff5f-6a26-41a0-a444-b1f102a75e64 with 4b07f12e-ab5e-4ad4-a022-70fe4cadf624
[35m[HTTP][39m [37m<-- GET /wd/hub/session/4b07f12e-ab5e-4ad4-a022-70fe4cadf624/element/00000000-0000-8bd4-ffff-ffff0000009b/location [39m[32m200[39m [90m24 ms - 78[39m
[35m[HTTP][39m [90m[39m
[35m[HTTP][39m [37m-->[39m [37mPOST[39m [37m/wd/hub/session/4b07f12e-ab5e-4ad4-a022-70fe4cadf624/element/00000000-0000-8bd4-ffff-ffff0000009b/click[39m
[35m[HTTP][39m [90m{"id":"00000000-0000-8bd4-ffff-ffff0000009b"}[39m
[35m[HTTP][39m [37m<-- POST /wd/hub/session/4b07f12e-ab5e-4ad4-a022-70fe4cadf624/element/00000000-0000-8bd4-ffff-ffff0000009b/click [39m[32m200[39m [90m100 ms - 14[39m
[35m[HTTP][39m [90m[39m
[35m[HTTP][39m [37m-->[39m [37mGET[39m [37m/wd/hub/session/4b07f12e-ab5e-4ad4-a022-70fe4cadf624/source[39m
[35m[HTTP][39m [90m{}[39m
[35m[W3C (4b07f12e)][39m Driver proxy active, passing request on via HTTP proxy
[35m[WD Proxy][39m Replacing sessionId a4ecff5f-6a26-41a0-a444-b1f102a75e64 with 4b07f12e-ab5e-4ad4-a022-70fe4cadf624
[35m[HTTP][39m [37m<-- GET /wd/hub/session/4b07f12e-ab5e-4ad4-a022-70fe4cadf624/source [39m[32m200[39m [90m750 ms - 24839[39m
[35m[HTTP][39m [90m[39m
[35m[HTTP][39m [37m-->[39m [37mGET[39m [37m/wd/hub/session/4b07f12e-ab5e-4ad4-a022-70fe4cadf624/screenshot[39m
[35m[HTTP][39m [90m{}[39m
[35m[HTTP][39m [37m<-- GET /wd/hub/session/4b07f12e-ab5e-4ad4-a022-70fe4cadf624/screenshot [39m[32m200[39m [90m821 ms - 107254[39m
[35m[HTTP][39m [90m[39m
[35m[HTTP][39m [37m-->[39m [37mGET[39m [37m/wd/hub/session/4b07f12e-ab5e-4ad4-a022-70fe4cadf624/source[39m
[35m[HTTP][39m [90m{}[39m
[35m[W3C (4b07f12e)][39m Driver proxy active, passing request on via HTTP proxy
[35m[WD Proxy][39m Replacing sessionId a4ecff5f-6a26-41a0-a444-b1f102a75e64 with 4b07f12e-ab5e-4ad4-a022-70fe4cadf624
[35m[HTTP][39m [37m<-- GET /wd/hub/session/4b07f12e-ab5e-4ad4-a022-70fe4cadf624/source [39m[32m200[39m [90m217 ms - 36872[39m
[35m[HTTP][39m [90m[39m
[35m[HTTP][39m [37m-->[39m [37mGET[39m [37m/wd/hub/session/4b07f12e-ab5e-4ad4-a022-70fe4cadf624/screenshot[39m
[35m[HTTP][39m [90m{}[39m
[35m[HTTP][39m [37m<-- GET /wd/hub/session/4b07f12e-ab5e-4ad4-a022-70fe4cadf624/screenshot [39m[32m200[39m [90m1178 ms - 798676[39m
[35m[HTTP][39m [90m[39m
[35m[HTTP][39m [37m-->[39m [37mPOST[39m [37m/wd/hub/session/4b07f12e-ab5e-4ad4-a022-70fe4cadf624/elements[39m
[35m[HTTP][39m [90m{"using":"xpath","value":"//*[@class = 'android.view.ViewGroup' and (@text = '' or . = '')]"}[39m
[35m[HTTP][39m [37m<-- POST /wd/hub/session/4b07f12e-ab5e-4ad4-a022-70fe4cadf624/elements [39m[32m200[39m [90m316 ms - 5387[39m
[35m[HTTP][39m [90m[39m
[35m[HTTP][39m [37m-->[39m [37mPOST[39m [37m/wd/hub/session/4b07f12e-ab5e-4ad4-a022-70fe4cadf624/elements[39m
[35m[HTTP][39m [90m{"using":"-android uiautomator","value":"new UiSelector().className(\"android.view.ViewGroup\")"}[39m
[35m[HTTP][39m [37m<-- POST /wd/hub/session/4b07f12e-ab5e-4ad4-a022-70fe4cadf624/elements [39m[32m200[39m [90m910 ms - 5387[39m
[35m[HTTP][39m [90m[39m
[35m[HTTP][39m [37m-->[39m [37mGET[39m [37m/wd/hub/session/4b07f12e-ab5e-4ad4-a022-70fe4cadf624/window/rect[39m
[35m[HTTP][39m [90m{}[39m
[35m[HTTP][39m [37m<-- GET /wd/hub/session/4b07f12e-ab5e-4ad4-a022-70fe4cadf624/window/rect [39m[32m200[39m [90m15 ms - 50[39m
[35m[HTTP][39m [90m[39m
[35m[HTTP][39m [37m-->[39m [37mPOST[39m [37m/wd/hub/session/4b07f12e-ab5e-4ad4-a022-70fe4cadf624/elements[39m
[35m[HTTP][39m [90m{"using":"xpath","value":"//hierarchy/android.widget.FrameLayout[1]/android.widget.LinearLayout[1]/android.widget.FrameLayout[1]/android.widget.LinearLayout[1]/android.widget.FrameLayout[1]/android.widget.FrameLayout[1]/android.view.ViewGroup[1]/android.view.ViewGroup[2]/android.view.ViewGroup[1]/android.view.ViewGroup[1]/android.view.ViewGroup[1]/android.view.ViewGroup[1]/android.view.ViewGroup[1]/android.view.ViewGroup[1]/android.view.ViewGroup[1]/android.widget.ScrollView[1]/android.view.ViewGroup[1]/android.widget.ScrollView[1]/android.view.ViewGroup[1]/android.view.ViewGroup[1]/android.view.ViewGroup[1]/android.view.ViewGroup[1]"}[39m
[35m[HTTP][39m [37m<-- POST /wd/hub/session/4b07f12e-ab5e-4ad4-a022-70fe4cadf624/elements [39m[32m200[39m [90m179 ms - 139[39m
[35m[HTTP][39m [90m[39m
[35m[HTTP][39m [37m-->[39m [37mGET[39m [37m/wd/hub/session/4b07f12e-ab5e-4ad4-a022-70fe4cadf624/element/00000000-0000-8bd4-ffff-ffff00000153/location[39m
[35m[HTTP][39m [90m{}[39m
[35m[W3C (4b07f12e)][39m Driver proxy active, passing request on via HTTP proxy
[35m[WD Proxy][39m Replacing sessionId a4ecff5f-6a26-41a0-a444-b1f102a75e64 with 4b07f12e-ab5e-4ad4-a022-70fe4cadf624
[35m[HTTP][39m [37m<-- GET /wd/hub/session/4b07f12e-ab5e-4ad4-a022-70fe4cadf624/element/00000000-0000-8bd4-ffff-ffff00000153/location [39m[32m200[39m [90m23 ms - 77[39m
[35m[HTTP][39m [90m[39m
[35m[HTTP][39m [37m-->[39m [37mPOST[39m [37m/wd/hub/session/4b07f12e-ab5e-4ad4-a022-70fe4cadf624/element/00000000-0000-8bd4-ffff-ffff00000153/click[39m
[35m[HTTP][39m [90m{"id":"00000000-0000-8bd4-ffff-ffff00000153"}[39m
[35m[HTTP][39m [37m<-- POST /wd/hub/session/4b07f12e-ab5e-4ad4-a022-70fe4cadf624/element/00000000-0000-8bd4-ffff-ffff00000153/click [39m[32m200[39m [90m75 ms - 14[39m
[35m[HTTP][39m [90m[39m
[35m[HTTP][39m [37m-->[39m [37mGET[39m [37m/wd/hub/session/4b07f12e-ab5e-4ad4-a022-70fe4cadf624/source[39m
[35m[HTTP][39m [90m{}[39m
[35m[W3C (4b07f12e)][39m Driver proxy active, passing request on via HTTP proxy
[35m[WD Proxy][39m Replacing sessionId a4ecff5f-6a26-41a0-a444-b1f102a75e64 with 4b07f12e-ab5e-4ad4-a022-70fe4cadf624
[35m[HTTP][39m [37m<-- GET /wd/hub/session/4b07f12e-ab5e-4ad4-a022-70fe4cadf624/source [39m[32m200[39m [90m695 ms - 23090[39m
[35m[HTTP][39m [90m[39m
[35m[HTTP][39m [37m-->[39m [37mGET[39m [37m/wd/hub/session/4b07f12e-ab5e-4ad4-a022-70fe4cadf624/screenshot[39m
[35m[HTTP][39m [90m{}[39m
[35m[HTTP][39m [37m<-- GET /wd/hub/session/4b07f12e-ab5e-4ad4-a022-70fe4cadf624/screenshot [39m[32m200[39m [90m1176 ms - 619488[39m
[35m[HTTP][39m [90m[39m
[35m[HTTP][39m [37m-->[39m [37mPOST[39m [37m/wd/hub/session/4b07f12e-ab5e-4ad4-a022-70fe4cadf624/elements[39m
[35m[HTTP][39m [90m{"using":"xpath","value":"//*[@class = 'android.widget.EditText' and (@text = '1' or . = '1')]"}[39m
[35m[HTTP][39m [37m<-- POST /wd/hub/session/4b07f12e-ab5e-4ad4-a022-70fe4cadf624/elements [39m[32m200[39m [90m20086 ms - 139[39m
[35m[HTTP][39m [90m[39m
[35m[HTTP][39m [37m-->[39m [37mGET[39m [37m/wd/hub/session/4b07f12e-ab5e-4ad4-a022-70fe4cadf624/window/rect[39m
[35m[HTTP][39m [90m{}[39m
[35m[HTTP][39m [37m<-- GET /wd/hub/session/4b07f12e-ab5e-4ad4-a022-70fe4cadf624/window/rect [39m[32m200[39m [90m14 ms - 50[39m
[35m[HTTP][39m [90m[39m
[35m[HTTP][39m [37m-->[39m [37mPOST[39m [37m/wd/hub/session/4b07f12e-ab5e-4ad4-a022-70fe4cadf624/elements[39m
[35m[HTTP][39m [90m{"using":"xpath","value":"//*[@class = 'android.widget.EditText' and (@text = '1' or . = '1')]"}[39m
[35m[HTTP][39m [37m<-- POST /wd/hub/session/4b07f12e-ab5e-4ad4-a022-70fe4cadf624/elements [39m[32m200[39m [90m128 ms - 139[39m
[35m[HTTP][39m [90m[39m
[35m[HTTP][39m [37m-->[39m [37mGET[39m [37m/wd/hub/session/4b07f12e-ab5e-4ad4-a022-70fe4cadf624/element/00000000-0000-8bd4-ffff-ffff000001ad/location[39m
[35m[HTTP][39m [90m{}[39m
[35m[W3C (4b07f12e)][39m Driver proxy active, passing request on via HTTP proxy
[35m[WD Proxy][39m Replacing sessionId a4ecff5f-6a26-41a0-a444-b1f102a75e64 with 4b07f12e-ab5e-4ad4-a022-70fe4cadf624
[35m[HTTP][39m [37m<-- GET /wd/hub/session/4b07f12e-ab5e-4ad4-a022-70fe4cadf624/element/00000000-0000-8bd4-ffff-ffff000001ad/location [39m[32m200[39m [90m39 ms - 79[39m
[35m[HTTP][39m [90m[39m
[35m[HTTP][39m [37m-->[39m [37mPOST[39m [37m/wd/hub/session/4b07f12e-ab5e-4ad4-a022-70fe4cadf624/element/00000000-0000-8bd4-ffff-ffff000001ad/clear[39m
[35m[HTTP][39m [90m{"id":"00000000-0000-8bd4-ffff-ffff000001ad"}[39m
[35m[HTTP][39m [37m<-- POST /wd/hub/session/4b07f12e-ab5e-4ad4-a022-70fe4cadf624/element/00000000-0000-8bd4-ffff-ffff000001ad/clear [39m[32m200[39m [90m66 ms - 14[39m
[35m[HTTP][39m [90m[39m
[35m[HTTP][39m [37m-->[39m [37mPOST[39m [37m/wd/hub/session/4b07f12e-ab5e-4ad4-a022-70fe4cadf624/element/00000000-0000-8bd4-ffff-ffff000001ad/value[39m
[35m[HTTP][39m [90m{"id":"00000000-0000-8bd4-ffff-ffff000001ad","text":"5","value":["5"]}[39m
[35m[HTTP][39m [37m<-- POST /wd/hub/session/4b07f12e-ab5e-4ad4-a022-70fe4cadf624/element/00000000-0000-8bd4-ffff-ffff000001ad/value [39m[32m200[39m [90m649 ms - 14[39m
[35m[HTTP][39m [90m[39m
[35m[HTTP][39m [37m-->[39m [37mGET[39m [37m/wd/hub/session/4b07f12e-ab5e-4ad4-a022-70fe4cadf624/source[39m
[35m[HTTP][39m [90m{}[39m
[35m[W3C (4b07f12e)][39m Driver proxy active, passing request on via HTTP proxy
[35m[WD Proxy][39m Replacing sessionId a4ecff5f-6a26-41a0-a444-b1f102a75e64 with 4b07f12e-ab5e-4ad4-a022-70fe4cadf624
[35m[HTTP][39m [37m<-- GET /wd/hub/session/4b07f12e-ab5e-4ad4-a022-70fe4cadf624/source [39m[32m200[39m [90m175 ms - 14142[39m
[35m[HTTP][39m [90m[39m
[35m[HTTP][39m [37m-->[39m [37mGET[39m [37m/wd/hub/session/4b07f12e-ab5e-4ad4-a022-70fe4cadf624/screenshot[39m
[35m[HTTP][39m [90m{}[39m
[35m[HTTP][39m [37m<-- GET /wd/hub/session/4b07f12e-ab5e-4ad4-a022-70fe4cadf624/screenshot [39m[32m200[39m [90m1225 ms - 634728[39m
[35m[HTTP][39m [90m[39m
[35m[HTTP][39m [37m-->[39m [37mGET[39m [37m/wd/hub/session/4b07f12e-ab5e-4ad4-a022-70fe4cadf624/context[39m
[35m[HTTP][39m [90m{}[39m
[35m[HTTP][39m [37m<-- GET /wd/hub/session/4b07f12e-ab5e-4ad4-a022-70fe4cadf624/context [39m[32m200[39m [90m1 ms - 22[39m
[35m[HTTP][39m [90m[39m
[35m[HTTP][39m [37m-->[39m [37mGET[39m [37m/wd/hub/session/4b07f12e-ab5e-4ad4-a022-70fe4cadf624/contexts[39m
[35m[HTTP][39m [90m{}[39m
[35m[HTTP][39m [37m<-- GET /wd/hub/session/4b07f12e-ab5e-4ad4-a022-70fe4cadf624/contexts [39m[32m200[39m [90m194 ms - 24[39m
[35m[HTTP][39m [90m[39m
[35m[HTTP][39m [37m-->[39m [37mPOST[39m [37m/wd/hub/session/4b07f12e-ab5e-4ad4-a022-70fe4cadf624/context[39m
[35m[HTTP][39m [90m{"name":"NATIVE_APP"}[39m
[35m[HTTP][39m [37m<-- POST /wd/hub/session/4b07f12e-ab5e-4ad4-a022-70fe4cadf624/context [39m[32m200[39m [90m1 ms - 14[39m
[35m[HTTP][39m [90m[39m
[35m[HTTP][39m [37m-->[39m [37mPOST[39m [37m/wd/hub/session/4b07f12e-ab5e-4ad4-a022-70fe4cadf624/appium/device/hide_keyboard[39m
[35m[HTTP][39m [90m{}[39m
[35m[HTTP][39m [37m<-- POST /wd/hub/session/4b07f12e-ab5e-4ad4-a022-70fe4cadf624/appium/device/hide_keyboard [39m[32m200[39m [90m3825 ms - 14[39m
[35m[HTTP][39m [90m[39m
[35m[HTTP][39m [37m-->[39m [37mPOST[39m [37m/wd/hub/session/4b07f12e-ab5e-4ad4-a022-70fe4cadf624/context[39m
[35m[HTTP][39m [90m{"name":"NATIVE_APP"}[39m
[35m[HTTP][39m [37m<-- POST /wd/hub/session/4b07f12e-ab5e-4ad4-a022-70fe4cadf624/context [39m[32m200[39m [90m1 ms - 14[39m
[35m[HTTP][39m [90m[39m
[35m[HTTP][39m [37m-->[39m [37mGET[39m [37m/wd/hub/session/4b07f12e-ab5e-4ad4-a022-70fe4cadf624/source[39m
[35m[HTTP][39m [90m{}[39m
[35m[W3C (4b07f12e)][39m Driver proxy active, passing request on via HTTP proxy
[35m[WD Proxy][39m Replacing sessionId a4ecff5f-6a26-41a0-a444-b1f102a75e64 with 4b07f12e-ab5e-4ad4-a022-70fe4cadf624
[35m[HTTP][39m [37m<-- GET /wd/hub/session/4b07f12e-ab5e-4ad4-a022-70fe4cadf624/source [39m[32m200[39m [90m396 ms - 23089[39m
[35m[HTTP][39m [90m[39m
[35m[HTTP][39m [37m-->[39m [37mGET[39m [37m/wd/hub/session/4b07f12e-ab5e-4ad4-a022-70fe4cadf624/screenshot[39m
[35m[HTTP][39m [90m{}[39m
[35m[HTTP][39m [37m<-- GET /wd/hub/session/4b07f12e-ab5e-4ad4-a022-70fe4cadf624/screenshot [39m[32m200[39m [90m1151 ms - 618746[39m
[35m[HTTP][39m [90m[39m
[35m[HTTP][39m [37m-->[39m [37mPOST[39m [37m/wd/hub/session/4b07f12e-ab5e-4ad4-a022-70fe4cadf624/elements[39m
[35m[HTTP][39m [90m{"using":"xpath","value":"//*[@class = 'android.view.ViewGroup' and (@text = '' or . = '')]"}[39m
[35m[HTTP][39m [37m<-- POST /wd/hub/session/4b07f12e-ab5e-4ad4-a022-70fe4cadf624/elements [39m[32m200[39m [90m172 ms - 3211[39m
[35m[HTTP][39m [90m[39m
[35m[HTTP][39m [37m-->[39m [37mPOST[39m [37m/wd/hub/session/4b07f12e-ab5e-4ad4-a022-70fe4cadf624/elements[39m
[35m[HTTP][39m [90m{"using":"-android uiautomator","value":"new UiSelector().className(\"android.view.ViewGroup\")"}[39m
[35m[HTTP][39m [37m<-- POST /wd/hub/session/4b07f12e-ab5e-4ad4-a022-70fe4cadf624/elements [39m[32m200[39m [90m492 ms - 3211[39m
[35m[HTTP][39m [90m[39m
[35m[HTTP][39m [37m-->[39m [37mGET[39m [37m/wd/hub/session/4b07f12e-ab5e-4ad4-a022-70fe4cadf624/window/rect[39m
[35m[HTTP][39m [90m{}[39m
[35m[HTTP][39m [37m<-- GET /wd/hub/session/4b07f12e-ab5e-4ad4-a022-70fe4cadf624/window/rect [39m[32m200[39m [90m11 ms - 50[39m
[35m[HTTP][39m [90m[39m
[35m[HTTP][39m [37m-->[39m [37mPOST[39m [37m/wd/hub/session/4b07f12e-ab5e-4ad4-a022-70fe4cadf624/elements[39m
[35m[HTTP][39m [90m{"using":"xpath","value":"//hierarchy/android.widget.FrameLayout[1]/android.widget.LinearLayout[1]/android.widget.FrameLayout[1]/android.widget.LinearLayout[1]/android.widget.FrameLayout[1]/android.widget.FrameLayout[1]/android.view.ViewGroup[1]/android.view.ViewGroup[2]/android.view.ViewGroup[1]/android.view.ViewGroup[1]/android.view.ViewGroup[1]/android.view.ViewGroup[1]/android.view.ViewGroup[1]/android.view.ViewGroup[1]/android.view.ViewGroup[1]/android.view.ViewGroup[1]/android.widget.ScrollView[1]/android.view.ViewGroup[1]/android.view.ViewGroup[3]/android.view.ViewGroup[1]"}[39m
[35m[HTTP][39m [37m<-- POST /wd/hub/session/4b07f12e-ab5e-4ad4-a022-70fe4cadf624/elements [39m[32m200[39m [90m137 ms - 139[39m
[35m[HTTP][39m [90m[39m
[35m[HTTP][39m [37m-->[39m [37mGET[39m [37m/wd/hub/session/4b07f12e-ab5e-4ad4-a022-70fe4cadf624/element/00000000-0000-8bd4-ffff-ffff000001ae/location[39m
[35m[HTTP][39m [90m{}[39m
[35m[W3C (4b07f12e)][39m Driver proxy active, passing request on via HTTP proxy
[35m[WD Proxy][39m Replacing sessionId a4ecff5f-6a26-41a0-a444-b1f102a75e64 with 4b07f12e-ab5e-4ad4-a022-70fe4cadf624
[35m[HTTP][39m [37m<-- GET /wd/hub/session/4b07f12e-ab5e-4ad4-a022-70fe4cadf624/element/00000000-0000-8bd4-ffff-ffff000001ae/location [39m[32m200[39m [90m25 ms - 78[39m
[35m[HTTP][39m [90m[39m
[35m[HTTP][39m [37m-->[39m [37mPOST[39m [37m/wd/hub/session/4b07f12e-ab5e-4ad4-a022-70fe4cadf624/element/00000000-0000-8bd4-ffff-ffff000001ae/click[39m
[35m[HTTP][39m [90m{"id":"00000000-0000-8bd4-ffff-ffff000001ae"}[39m
[35m[HTTP][39m [37m<-- POST /wd/hub/session/4b07f12e-ab5e-4ad4-a022-70fe4cadf624/element/00000000-0000-8bd4-ffff-ffff000001ae/click [39m[32m200[39m [90m76 ms - 14[39m
[35m[HTTP][39m [90m[39m
[35m[HTTP][39m [37m-->[39m [37mGET[39m [37m/wd/hub/session/4b07f12e-ab5e-4ad4-a022-70fe4cadf624/source[39m
[35m[HTTP][39m [90m{}[39m
[35m[W3C (4b07f12e)][39m Driver proxy active, passing request on via HTTP proxy
[35m[WD Proxy][39m Replacing sessionId a4ecff5f-6a26-41a0-a444-b1f102a75e64 with 4b07f12e-ab5e-4ad4-a022-70fe4cadf624
[35m[HTTP][39m [37m<-- GET /wd/hub/session/4b07f12e-ab5e-4ad4-a022-70fe4cadf624/source [39m[32m200[39m [90m149 ms - 23090[39m
[35m[HTTP][39m [90m[39m
[35m[HTTP][39m [37m-->[39m [37mGET[39m [37m/wd/hub/session/4b07f12e-ab5e-4ad4-a022-70fe4cadf624/screenshot[39m
[35m[HTTP][39m [90m{}[39m
[35m[HTTP][39m [37m<-- GET /wd/hub/session/4b07f12e-ab5e-4ad4-a022-70fe4cadf624/screenshot [39m[32m200[39m [90m1185 ms - 619920[39m
[35m[HTTP][39m [90m[39m
[35m[HTTP][39m [37m-->[39m [37mPOST[39m [37m/wd/hub/session/4b07f12e-ab5e-4ad4-a022-70fe4cadf624/elements[39m
[35m[HTTP][39m [90m{"using":"xpath","value":"//*[@class = 'android.view.ViewGroup' and (@text = '' or . = '')]"}[39m
[35m[HTTP][39m [37m<-- POST /wd/hub/session/4b07f12e-ab5e-4ad4-a022-70fe4cadf624/elements [39m[32m200[39m [90m113 ms - 3211[39m
[35m[HTTP][39m [90m[39m
[35m[HTTP][39m [37m-->[39m [37mPOST[39m [37m/wd/hub/session/4b07f12e-ab5e-4ad4-a022-70fe4cadf624/elements[39m
[35m[HTTP][39m [90m{"using":"-android uiautomator","value":"new UiSelector().className(\"android.view.ViewGroup\")"}[39m
[35m[HTTP][39m [37m<-- POST /wd/hub/session/4b07f12e-ab5e-4ad4-a022-70fe4cadf624/elements [39m[32m200[39m [90m457 ms - 3211[39m
[35m[HTTP][39m [90m[39m
[35m[HTTP][39m [37m-->[39m [37mGET[39m [37m/wd/hub/session/4b07f12e-ab5e-4ad4-a022-70fe4cadf624/window/rect[39m
[35m[HTTP][39m [90m{}[39m
[35m[HTTP][39m [37m<-- GET /wd/hub/session/4b07f12e-ab5e-4ad4-a022-70fe4cadf624/window/rect [39m[32m200[39m [90m12 ms - 50[39m
[35m[HTTP][39m [90m[39m
[35m[HTTP][39m [37m-->[39m [37mPOST[39m [37m/wd/hub/session/4b07f12e-ab5e-4ad4-a022-70fe4cadf624/elements[39m
[35m[HTTP][39m [90m{"using":"xpath","value":"//hierarchy/android.widget.FrameLayout[1]/android.widget.LinearLayout[1]/android.widget.FrameLayout[1]/android.widget.LinearLayout[1]/android.widget.FrameLayout[1]/android.widget.FrameLayout[1]/android.view.ViewGroup[1]/android.view.ViewGroup[2]/android.view.ViewGroup[1]/android.view.ViewGroup[1]/android.view.ViewGroup[1]/android.view.ViewGroup[1]/android.view.ViewGroup[1]/android.view.ViewGroup[1]/android.view.ViewGroup[1]/android.view.ViewGroup[1]/android.widget.ScrollView[1]/android.view.ViewGroup[1]/android.view.ViewGroup[3]/android.view.ViewGroup[1]"}[39m
[35m[HTTP][39m [37m<-- POST /wd/hub/session/4b07f12e-ab5e-4ad4-a022-70fe4cadf624/elements [39m[32m200[39m [90m146 ms - 139[39m
[35m[HTTP][39m [90m[39m
[35m[HTTP][39m [37m-->[39m [37mGET[39m [37m/wd/hub/session/4b07f12e-ab5e-4ad4-a022-70fe4cadf624/element/00000000-0000-8bd4-ffff-ffff000001ae/location[39m
[35m[HTTP][39m [90m{}[39m
[35m[W3C (4b07f12e)][39m Driver proxy active, passing request on via HTTP proxy
[35m[WD Proxy][39m Replacing sessionId a4ecff5f-6a26-41a0-a444-b1f102a75e64 with 4b07f12e-ab5e-4ad4-a022-70fe4cadf624
[35m[HTTP][39m [37m<-- GET /wd/hub/session/4b07f12e-ab5e-4ad4-a022-70fe4cadf624/element/00000000-0000-8bd4-ffff-ffff000001ae/location [39m[32m200[39m [90m25 ms - 78[39m
[35m[HTTP][39m [90m[39m
[35m[HTTP][39m [37m-->[39m [37mPOST[39m [37m/wd/hub/session/4b07f12e-ab5e-4ad4-a022-70fe4cadf624/element/00000000-0000-8bd4-ffff-ffff000001ae/click[39m
[35m[HTTP][39m [90m{"id":"00000000-0000-8bd4-ffff-ffff000001ae"}[39m
[35m[HTTP][39m [37m<-- POST /wd/hub/session/4b07f12e-ab5e-4ad4-a022-70fe4cadf624/element/00000000-0000-8bd4-ffff-ffff000001ae/click [39m[32m200[39m [90m74 ms - 14[39m
[35m[HTTP][39m [90m[39m
[35m[HTTP][39m [37m-->[39m [37mGET[39m [37m/wd/hub/session/4b07f12e-ab5e-4ad4-a022-70fe4cadf624/source[39m
[35m[HTTP][39m [90m{}[39m
[35m[W3C (4b07f12e)][39m Driver proxy active, passing request on via HTTP proxy
[35m[WD Proxy][39m Replacing sessionId a4ecff5f-6a26-41a0-a444-b1f102a75e64 with 4b07f12e-ab5e-4ad4-a022-70fe4cadf624
[35m[HTTP][39m [37m<-- GET /wd/hub/session/4b07f12e-ab5e-4ad4-a022-70fe4cadf624/source [39m[32m200[39m [90m600 ms - 24009[39m
[35m[HTTP][39m [90m[39m
[35m[HTTP][39m [37m-->[39m [37mGET[39m [37m/wd/hub/session/4b07f12e-ab5e-4ad4-a022-70fe4cadf624/screenshot[39m
[35m[HTTP][39m [90m{}[39m
[35m[HTTP][39m [37m<-- GET /wd/hub/session/4b07f12e-ab5e-4ad4-a022-70fe4cadf624/screenshot [39m[32m200[39m [90m1168 ms - 617728[39m
[35m[HTTP][39m [90m[39m
[35m[HTTP][39m [37m-->[39m [37mGET[39m [37m/wd/hub/session/4b07f12e-ab5e-4ad4-a022-70fe4cadf624/source[39m
[35m[HTTP][39m [90m{}[39m
[35m[W3C (4b07f12e)][39m Driver proxy active, passing request on via HTTP proxy
[35m[WD Proxy][39m Replacing sessionId a4ecff5f-6a26-41a0-a444-b1f102a75e64 with 4b07f12e-ab5e-4ad4-a022-70fe4cadf624
[35m[HTTP][39m [37m<-- GET /wd/hub/session/4b07f12e-ab5e-4ad4-a022-70fe4cadf624/source [39m[32m200[39m [90m141 ms - 23944[39m
[35m[HTTP][39m [90m[39m
[35m[HTTP][39m [37m-->[39m [37mGET[39m [37m/wd/hub/session/4b07f12e-ab5e-4ad4-a022-70fe4cadf624/screenshot[39m
[35m[HTTP][39m [90m{}[39m
[35m[HTTP][39m [37m<-- GET /wd/hub/session/4b07f12e-ab5e-4ad4-a022-70fe4cadf624/screenshot [39m[32m200[39m [90m1182 ms - 620810[39m
[35m[HTTP][39m [90m[39m
[35m[HTTP][39m [37m-->[39m [37mGET[39m [37m/wd/hub/session/4b07f12e-ab5e-4ad4-a022-70fe4cadf624/source[39m
[35m[HTTP][39m [90m{}[39m
[35m[W3C (4b07f12e)][39m Driver proxy active, passing request on via HTTP proxy
[35m[WD Proxy][39m Replacing sessionId a4ecff5f-6a26-41a0-a444-b1f102a75e64 with 4b07f12e-ab5e-4ad4-a022-70fe4cadf624
[35m[HTTP][39m [37m<-- GET /wd/hub/session/4b07f12e-ab5e-4ad4-a022-70fe4cadf624/source [39m[32m200[39m [90m162 ms - 23944[39m
[35m[HTTP][39m [90m[39m
[35m[HTTP][39m [37m-->[39m [37mGET[39m [37m/wd/hub/session/4b07f12e-ab5e-4ad4-a022-70fe4cadf624/screenshot[39m
[35m[HTTP][39m [90m{}[39m
[35m[HTTP][39m [37m<-- GET /wd/hub/session/4b07f12e-ab5e-4ad4-a022-70fe4cadf624/screenshot [39m[32m200[39m [90m1164 ms - 620122[39m
[35m[HTTP][39m [90m[39m
[35m[HTTP][39m [37m-->[39m [37mPOST[39m [37m/wd/hub/session/4b07f12e-ab5e-4ad4-a022-70fe4cadf624/elements[39m
[35m[HTTP][39m [90m{"using":"xpath","value":"//*[@class = 'android.view.ViewGroup' and (@text = '' or . = '')]"}[39m
[35m[HTTP][39m [37m<-- POST /wd/hub/session/4b07f12e-ab5e-4ad4-a022-70fe4cadf624/elements [39m[32m200[39m [90m147 ms - 3339[39m
[35m[HTTP][39m [90m[39m
[35m[HTTP][39m [37m-->[39m [37mPOST[39m [37m/wd/hub/session/4b07f12e-ab5e-4ad4-a022-70fe4cadf624/elements[39m
[35m[HTTP][39m [90m{"using":"-android uiautomator","value":"new UiSelector().className(\"android.view.ViewGroup\")"}[39m
[35m[HTTP][39m [37m<-- POST /wd/hub/session/4b07f12e-ab5e-4ad4-a022-70fe4cadf624/elements [39m[32m200[39m [90m999 ms - 3339[39m
[35m[HTTP][39m [90m[39m
[35m[HTTP][39m [37m-->[39m [37mGET[39m [37m/wd/hub/session/4b07f12e-ab5e-4ad4-a022-70fe4cadf624/window/rect[39m
[35m[HTTP][39m [90m{}[39m
[35m[HTTP][39m [37m<-- GET /wd/hub/session/4b07f12e-ab5e-4ad4-a022-70fe4cadf624/window/rect [39m[32m200[39m [90m15 ms - 50[39m
[35m[HTTP][39m [90m[39m
[35m[HTTP][39m [37m-->[39m [37mPOST[39m [37m/wd/hub/session/4b07f12e-ab5e-4ad4-a022-70fe4cadf624/elements[39m
[35m[HTTP][39m [90m{"using":"xpath","value":"//hierarchy/android.widget.FrameLayout[1]/android.widget.LinearLayout[1]/android.widget.FrameLayout[1]/android.widget.LinearLayout[1]/android.widget.FrameLayout[1]/android.widget.FrameLayout[1]/android.view.ViewGroup[1]/android.view.ViewGroup[2]/android.view.ViewGroup[2]/android.view.ViewGroup[3]"}[39m
[35m[HTTP][39m [37m<-- POST /wd/hub/session/4b07f12e-ab5e-4ad4-a022-70fe4cadf624/elements [39m[32m200[39m [90m127 ms - 139[39m
[35m[HTTP][39m [90m[39m
[35m[HTTP][39m [37m-->[39m [37mGET[39m [37m/wd/hub/session/4b07f12e-ab5e-4ad4-a022-70fe4cadf624/element/00000000-0000-8bd4-ffff-ffff00000069/location[39m
[35m[HTTP][39m [90m{}[39m
[35m[W3C (4b07f12e)][39m Driver proxy active, passing request on via HTTP proxy
[35m[WD Proxy][39m Replacing sessionId a4ecff5f-6a26-41a0-a444-b1f102a75e64 with 4b07f12e-ab5e-4ad4-a022-70fe4cadf624
[35m[HTTP][39m [37m<-- GET /wd/hub/session/4b07f12e-ab5e-4ad4-a022-70fe4cadf624/element/00000000-0000-8bd4-ffff-ffff00000069/location [39m[32m200[39m [90m25 ms - 79[39m
[35m[HTTP][39m [90m[39m
[35m[HTTP][39m [37m-->[39m [37mPOST[39m [37m/wd/hub/session/4b07f12e-ab5e-4ad4-a022-70fe4cadf624/element/00000000-0000-8bd4-ffff-ffff00000069/click[39m
[35m[HTTP][39m [90m{"id":"00000000-0000-8bd4-ffff-ffff00000069"}[39m
[35m[HTTP][39m [37m<-- POST /wd/hub/session/4b07f12e-ab5e-4ad4-a022-70fe4cadf624/element/00000000-0000-8bd4-ffff-ffff00000069/click [39m[32m200[39m [90m81 ms - 14[39m
[35m[HTTP][39m [90m[39m
[35m[HTTP][39m [37m-->[39m [37mGET[39m [37m/wd/hub/session/4b07f12e-ab5e-4ad4-a022-70fe4cadf624/source[39m
[35m[HTTP][39m [90m{}[39m
[35m[W3C (4b07f12e)][39m Driver proxy active, passing request on via HTTP proxy
[35m[WD Proxy][39m Replacing sessionId a4ecff5f-6a26-41a0-a444-b1f102a75e64 with 4b07f12e-ab5e-4ad4-a022-70fe4cadf624
[35m[HTTP][39m [37m<-- GET /wd/hub/session/4b07f12e-ab5e-4ad4-a022-70fe4cadf624/source [39m[32m200[39m [90m235 ms - 23679[39m
[35m[HTTP][39m [90m[39m
[35m[HTTP][39m [37m-->[39m [37mGET[39m [37m/wd/hub/session/4b07f12e-ab5e-4ad4-a022-70fe4cadf624/screenshot[39m
[35m[HTTP][39m [90m{}[39m
[35m[HTTP][39m [37m<-- GET /wd/hub/session/4b07f12e-ab5e-4ad4-a022-70fe4cadf624/screenshot [39m[32m200[39m [90m826 ms - 132728[39m
[35m[HTTP][39m [90m[39m
[35m[HTTP][39m [37m-->[39m [37mPOST[39m [37m/wd/hub/session/4b07f12e-ab5e-4ad4-a022-70fe4cadf624/elements[39m
[35m[HTTP][39m [90m{"using":"xpath","value":"//*[@class = 'android.view.ViewGroup' and (@text = '' or . = '')]"}[39m
[35m[HTTP][39m [37m<-- POST /wd/hub/session/4b07f12e-ab5e-4ad4-a022-70fe4cadf624/elements [39m[32m200[39m [90m443 ms - 3723[39m
[35m[HTTP][39m [90m[39m
[35m[HTTP][39m [37m-->[39m [37mPOST[39m [37m/wd/hub/session/4b07f12e-ab5e-4ad4-a022-70fe4cadf624/elements[39m
[35m[HTTP][39m [90m{"using":"-android uiautomator","value":"new UiSelector().className(\"android.view.ViewGroup\")"}[39m
[35m[HTTP][39m [37m<-- POST /wd/hub/session/4b07f12e-ab5e-4ad4-a022-70fe4cadf624/elements [39m[32m200[39m [90m606 ms - 3723[39m
[35m[HTTP][39m [90m[39m
[35m[HTTP][39m [37m-->[39m [37mGET[39m [37m/wd/hub/session/4b07f12e-ab5e-4ad4-a022-70fe4cadf624/window/rect[39m
[35m[HTTP][39m [90m{}[39m
[35m[HTTP][39m [37m<-- GET /wd/hub/session/4b07f12e-ab5e-4ad4-a022-70fe4cadf624/window/rect [39m[32m200[39m [90m19 ms - 50[39m
[35m[HTTP][39m [90m[39m
[35m[HTTP][39m [37m-->[39m [37mPOST[39m [37m/wd/hub/session/4b07f12e-ab5e-4ad4-a022-70fe4cadf624/elements[39m
[35m[HTTP][39m [90m{"using":"xpath","value":"//hierarchy/android.widget.FrameLayout[1]/android.widget.LinearLayout[1]/android.widget.FrameLayout[1]/android.widget.LinearLayout[1]/android.widget.FrameLayout[1]/android.widget.FrameLayout[1]/android.view.ViewGroup[1]/android.view.ViewGroup[2]/android.view.ViewGroup[1]/android.view.ViewGroup[1]/android.view.ViewGroup[1]/android.view.ViewGroup[1]/android.view.ViewGroup[1]/android.view.ViewGroup[1]/android.view.ViewGroup[1]/android.widget.ScrollView[1]/android.view.ViewGroup[1]/android.view.ViewGroup[2]/android.view.ViewGroup[1]/android.view.ViewGroup[1]"}[39m
[35m[HTTP][39m [37m<-- POST /wd/hub/session/4b07f12e-ab5e-4ad4-a022-70fe4cadf624/elements [39m[32m200[39m [90m165 ms - 139[39m
[35m[HTTP][39m [90m[39m
[35m[HTTP][39m [37m-->[39m [37mGET[39m [37m/wd/hub/session/4b07f12e-ab5e-4ad4-a022-70fe4cadf624/element/00000000-0000-8bd4-ffff-ffff000001ca/location[39m
[35m[HTTP][39m [90m{}[39m
[35m[W3C (4b07f12e)][39m Driver proxy active, passing request on via HTTP proxy
[35m[WD Proxy][39m Replacing sessionId a4ecff5f-6a26-41a0-a444-b1f102a75e64 with 4b07f12e-ab5e-4ad4-a022-70fe4cadf624
[35m[HTTP][39m [37m<-- GET /wd/hub/session/4b07f12e-ab5e-4ad4-a022-70fe4cadf624/element/00000000-0000-8bd4-ffff-ffff000001ca/location [39m[32m200[39m [90m27 ms - 77[39m
[35m[HTTP][39m [90m[39m
[35m[HTTP][39m [37m-->[39m [37mPOST[39m [37m/wd/hub/session/4b07f12e-ab5e-4ad4-a022-70fe4cadf624/element/00000000-0000-8bd4-ffff-ffff000001ca/click[39m
[35m[HTTP][39m [90m{"id":"00000000-0000-8bd4-ffff-ffff000001ca"}[39m
[35m[HTTP][39m [37m<-- POST /wd/hub/session/4b07f12e-ab5e-4ad4-a022-70fe4cadf624/element/00000000-0000-8bd4-ffff-ffff000001ca/click [39m[32m200[39m [90m86 ms - 14[39m
[35m[HTTP][39m [90m[39m
[35m[HTTP][39m [37m-->[39m [37mGET[39m [37m/wd/hub/session/4b07f12e-ab5e-4ad4-a022-70fe4cadf624/source[39m
[35m[HTTP][39m [90m{}[39m
[35m[W3C (4b07f12e)][39m Driver proxy active, passing request on via HTTP proxy
[35m[WD Proxy][39m Replacing sessionId a4ecff5f-6a26-41a0-a444-b1f102a75e64 with 4b07f12e-ab5e-4ad4-a022-70fe4cadf624
[35m[HTTP][39m [37m<-- GET /wd/hub/session/4b07f12e-ab5e-4ad4-a022-70fe4cadf624/source [39m[32m200[39m [90m955 ms - 23679[39m
[35m[HTTP][39m [90m[39m
[35m[HTTP][39m [37m-->[39m [37mGET[39m [37m/wd/hub/session/4b07f12e-ab5e-4ad4-a022-70fe4cadf624/screenshot[39m
[35m[HTTP][39m [90m{}[39m
[35m[HTTP][39m [37m<-- GET /wd/hub/session/4b07f12e-ab5e-4ad4-a022-70fe4cadf624/screenshot [39m[32m200[39m [90m1133 ms - 206868[39m
[35m[HTTP][39m [90m[39m
[35m[HTTP][39m [37m-->[39m [37mGET[39m [37m/wd/hub/session/4b07f12e-ab5e-4ad4-a022-70fe4cadf624/source[39m
[35m[HTTP][39m [90m{}[39m
[35m[W3C (4b07f12e)][39m Driver proxy active, passing request on via HTTP proxy
[35m[WD Proxy][39m Replacing sessionId a4ecff5f-6a26-41a0-a444-b1f102a75e64 with 4b07f12e-ab5e-4ad4-a022-70fe4cadf624
[35m[HTTP][39m [37m<-- GET /wd/hub/session/4b07f12e-ab5e-4ad4-a022-70fe4cadf624/source [39m[32m200[39m [90m895 ms - 65280[39m
[35m[HTTP][39m [90m[39m
[35m[HTTP][39m [37m-->[39m [37mGET[39m [37m/wd/hub/session/4b07f12e-ab5e-4ad4-a022-70fe4cadf624/screenshot[39m
[35m[HTTP][39m [90m{}[39m
[35m[HTTP][39m [37m<-- GET /wd/hub/session/4b07f12e-ab5e-4ad4-a022-70fe4cadf624/screenshot [39m[32m200[39m [90m1314 ms - 934686[39m
[35m[HTTP][39m [90m[39m
[35m[HTTP][39m [37m-->[39m [37mDELETE[39m [37m/wd/hub/session/4b07f12e-ab5e-4ad4-a022-70fe4cadf624[39m
[35m[HTTP][39m [90m{}[39m
[35m[Appium][39m Removing session 4b07f12e-ab5e-4ad4-a022-70fe4cadf624 from our master session list
[35m[UiAutomator2][39m Restoring hidden api policy to the device default configuration
[35m[HTTP][39m [37m<-- DELETE /wd/hub/session/4b07f12e-ab5e-4ad4-a022-70fe4cadf624 [39m[32m200[39m [90m681 ms - 14[39m
[35m[HTTP][39m [90m[39m
